2020-03-20 16:07:34.375 [main] INFO  org.jeecg.JeecgApplication:50 - Starting JeecgApplication on DESKTOP-F7RLFV9 with PID 11040 (C:\Users\cafebabe\important\rcyq_app\rcyq\server\jeecg-boot-module-system\target\classes started by cafebabe in C:\Users\cafebabe\important\rcyq_app\rcyq\server)
2020-03-20 16:07:34.379 [main] INFO  org.jeecg.JeecgApplication:679 - The following profiles are active: dev
2020-03-20 16:07:36.548 [main] INFO  o.s.d.r.config.RepositoryConfigurationDelegate:244 - Multiple Spring Data modules found, entering strict repository configuration mode!
2020-03-20 16:07:36.552 [main] INFO  o.s.d.r.config.RepositoryConfigurationDelegate:126 - Bootstrapping Spring Data repositories in DEFAULT mode.
2020-03-20 16:07:36.825 [main] INFO  o.s.d.r.config.RepositoryConfigurationDelegate:182 - Finished Spring Data repository scanning in 254ms. Found 0 repository interfaces.
2020-03-20 16:07:37.237 [main] INFO  o.s.c.s.PostProcessorRegistrationDelegate$BeanPostProcessorChecker:330 - Bean 'shiroConfig' of type [org.jeecg.config.ShiroConfig$$EnhancerBySpringCGLIB$$b03e7313] is not eligible for getting processed by all BeanPostProcessors (for example: not eligible for auto-proxying)
2020-03-20 16:07:37.409 [main] INFO  o.s.c.s.PostProcessorRegistrationDelegate$BeanPostProcessorChecker:330 - Bean 'shiroRealm' of type [org.jeecg.modules.shiro.authc.ShiroRealm] is not eligible for getting processed by all BeanPostProcessors (for example: not eligible for auto-proxying)
2020-03-20 16:07:37.873 [main] INFO  org.jeecg.config.ShiroConfig:200 - ===============(1)创建缓存管理器RedisCacheManager
2020-03-20 16:07:37.875 [main] INFO  org.jeecg.config.ShiroConfig:218 - ===============(2)创建RedisManager,连接Redis..URL= 127.0.0.1:6379
2020-03-20 16:07:37.879 [main] INFO  o.s.c.s.PostProcessorRegistrationDelegate$BeanPostProcessorChecker:330 - Bean 'redisManager' of type [org.crazycake.shiro.RedisManager] is not eligible for getting processed by all BeanPostProcessors (for example: not eligible for auto-proxying)
2020-03-20 16:07:37.886 [main] INFO  o.s.c.s.PostProcessorRegistrationDelegate$BeanPostProcessorChecker:330 - Bean 'securityManager' of type [org.apache.shiro.web.mgt.DefaultWebSecurityManager] is not eligible for getting processed by all BeanPostProcessors (for example: not eligible for auto-proxying)
2020-03-20 16:07:37.921 [main] INFO  o.s.c.s.PostProcessorRegistrationDelegate$BeanPostProcessorChecker:330 - Bean 'authorizationAttributeSourceAdvisor' of type [org.apache.shiro.spring.security.interceptor.AuthorizationAttributeSourceAdvisor] is not eligible for getting processed by all BeanPostProcessors (for example: not eligible for auto-proxying)
2020-03-20 16:07:37.992 [main] INFO  o.s.c.s.PostProcessorRegistrationDelegate$BeanPostProcessorChecker:330 - Bean 'org.springframework.transaction.annotation.ProxyTransactionManagementConfiguration' of type [org.springframework.transaction.annotation.ProxyTransactionManagementConfiguration$$EnhancerBySpringCGLIB$$9039097d] is not eligible for getting processed by all BeanPostProcessors (for example: not eligible for auto-proxying)
2020-03-20 16:07:38.171 [main] INFO  o.s.c.s.PostProcessorRegistrationDelegate$BeanPostProcessorChecker:330 - Bean 'spring.datasource.dynamic-com.baomidou.dynamic.datasource.spring.boot.autoconfigure.DynamicDataSourceProperties' of type [com.baomidou.dynamic.datasource.spring.boot.autoconfigure.DynamicDataSourceProperties] is not eligible for getting processed by all BeanPostProcessors (for example: not eligible for auto-proxying)
2020-03-20 16:07:38.177 [main] INFO  o.s.c.s.PostProcessorRegistrationDelegate$BeanPostProcessorChecker:330 - Bean 'com.baomidou.dynamic.datasource.spring.boot.autoconfigure.DynamicDataSourceAutoConfiguration' of type [com.baomidou.dynamic.datasource.spring.boot.autoconfigure.DynamicDataSourceAutoConfiguration$$EnhancerBySpringCGLIB$$f9c77a4e] is not eligible for getting processed by all BeanPostProcessors (for example: not eligible for auto-proxying)
2020-03-20 16:07:38.188 [main] INFO  o.s.c.s.PostProcessorRegistrationDelegate$BeanPostProcessorChecker:330 - Bean 'dsProcessor' of type [com.baomidou.dynamic.datasource.processor.DsHeaderProcessor] is not eligible for getting processed by all BeanPostProcessors (for example: not eligible for auto-proxying)
2020-03-20 16:07:38.197 [main] INFO  o.s.c.s.PostProcessorRegistrationDelegate$BeanPostProcessorChecker:330 - Bean 'dynamicDatasourceAnnotationAdvisor' of type [com.baomidou.dynamic.datasource.aop.DynamicDataSourceAnnotationAdvisor] is not eligible for getting processed by all BeanPostProcessors (for example: not eligible for auto-proxying)
2020-03-20 16:07:38.223 [main] INFO  o.s.c.s.PostProcessorRegistrationDelegate$BeanPostProcessorChecker:330 - Bean 'spring.redis-org.springframework.boot.autoconfigure.data.redis.RedisProperties' of type [org.springframework.boot.autoconfigure.data.redis.RedisProperties] is not eligible for getting processed by all BeanPostProcessors (for example: not eligible for auto-proxying)
2020-03-20 16:07:38.232 [main] INFO  o.s.c.s.PostProcessorRegistrationDelegate$BeanPostProcessorChecker:330 - Bean 'org.springframework.boot.autoconfigure.data.redis.LettuceConnectionConfiguration' of type [org.springframework.boot.autoconfigure.data.redis.LettuceConnectionConfiguration$$EnhancerBySpringCGLIB$$a552c7c7] is not eligible for getting processed by all BeanPostProcessors (for example: not eligible for auto-proxying)
2020-03-20 16:07:38.391 [main] INFO  o.s.c.s.PostProcessorRegistrationDelegate$BeanPostProcessorChecker:330 - Bean 'lettuceClientResources' of type [io.lettuce.core.resource.DefaultClientResources] is not eligible for getting processed by all BeanPostProcessors (for example: not eligible for auto-proxying)
2020-03-20 16:07:38.493 [main] INFO  o.s.c.s.PostProcessorRegistrationDelegate$BeanPostProcessorChecker:330 - Bean 'redisConnectionFactory' of type [org.springframework.data.redis.connection.lettuce.LettuceConnectionFactory] is not eligible for getting processed by all BeanPostProcessors (for example: not eligible for auto-proxying)
2020-03-20 16:07:38.507 [main] INFO  o.s.c.s.PostProcessorRegistrationDelegate$BeanPostProcessorChecker:330 - Bean 'redisConfig' of type [org.jeecg.config.RedisConfig$$EnhancerBySpringCGLIB$$fb0cfa5d] is not eligible for getting processed by all BeanPostProcessors (for example: not eligible for auto-proxying)
2020-03-20 16:07:38.544 [main] INFO  o.s.c.s.PostProcessorRegistrationDelegate$BeanPostProcessorChecker:330 - Bean 'org.apache.shiro.spring.boot.autoconfigure.ShiroBeanAutoConfiguration' of type [org.apache.shiro.spring.boot.autoconfigure.ShiroBeanAutoConfiguration$$EnhancerBySpringCGLIB$$a351e72d] is not eligible for getting processed by all BeanPostProcessors (for example: not eligible for auto-proxying)
2020-03-20 16:07:38.551 [main] INFO  o.s.c.s.PostProcessorRegistrationDelegate$BeanPostProcessorChecker:330 - Bean 'eventBus' of type [org.apache.shiro.event.support.DefaultEventBus] is not eligible for getting processed by all BeanPostProcessors (for example: not eligible for auto-proxying)
2020-03-20 16:07:39.053 [main] INFO  o.s.boot.web.embedded.tomcat.TomcatWebServer:90 - Tomcat initialized with port(s): 8080 (http)
2020-03-20 16:07:39.072 [main] INFO  org.apache.coyote.http11.Http11NioProtocol:173 - Initializing ProtocolHandler ["http-nio-8080"]
2020-03-20 16:07:39.083 [main] INFO  org.apache.catalina.core.StandardService:173 - Starting service [Tomcat]
2020-03-20 16:07:39.083 [main] INFO  org.apache.catalina.core.StandardEngine:173 - Starting Servlet engine: [Apache Tomcat/9.0.16]
2020-03-20 16:07:39.090 [main] INFO  org.apache.catalina.core.AprLifecycleListener:173 - The APR based Apache Tomcat Native library which allows optimal performance in production environments was not found on the java.library.path: [C:\Program Files\Java\jdk1.8.0_171\bin;C:\WINDOWS\Sun\Java\bin;C:\WINDOWS\system32;C:\WINDOWS;C:\Python27\;C:\Python27\Scripts;C:\Program Files (x86)\Common Files\Oracle\Java\javapath;C:\Program Files (x86)\Intel\iCLS Client\;C:\Program Files\Intel\iCLS Client\;C:\Windows\system32;C:\Windows;C:\Windows\System32\Wbem;C:\Windows\System32\WindowsPowerShell\v1.0\;C:\Program Files (x86)\Intel\Intel(R) Management Engine Components\DAL;C:\Program Files\Intel\Intel(R) Management Engine Components\DAL;C:\Program Files (x86)\Intel\Intel(R) Management Engine Components\IPT;C:\Program Files\Intel\Intel(R) Management Engine Components\IPT;C:\Program Files (x86)\NVIDIA Corporation\PhysX\Common;C:\Program Files\Java\jdk1.8.0_171\bin;C:\apache-maven-3.5.3\bin;C:\Program Files\Apache Software Foundation\Tomcat 9.0\bin;C:\WINDOWS\system32;C:\WINDOWS;C:\WINDOWS\System32\Wbem;C:\WINDOWS\System32\WindowsPowerShell\v1.0\;C:\WINDOWS\System32\OpenSSH\;C:\Program Files\Microsoft VS Code\bin;C:\Program Files\dotnet\;C:\Users\cafebabe\ffmpeg-20181105-beaa350-win64-static\bin;C:\Program Files\TortoiseGit;C:\Users\cafebabe\nvm-noinstall;C:\Program Files\nodejs;C:\Program Files\nodejs\;C:\工具软件\Redis-x64-3.2.100;C:\;sers\cafebabe\flutter_windows_v1.7.8+hotfix.3-stable\flutter\bin;C:\Program Files\Git\cmd;C:\Program Files\Microsoft SQL Server\130\Tools\Binn\;C:\Program Files\Microsoft SQL Server\Client SDK\ODBC\170\Tools\Binn\;C:\Users\cafebabe\AppData\Local\Microsoft\WindowsApps;C:\Users\cafebabe\AppData\Local\Programs\Microsoft VS Code\bin;C:\Users\cafebabe\AppData\Roaming\npm;C:\Users\cafebabe\AppData\Local\Programs\Fiddler;.]
2020-03-20 16:07:39.335 [main] INFO  o.a.c.c.C.[Tomcat].[localhost].[/jeecg-boot]:173 - Initializing Spring embedded WebApplicationContext
2020-03-20 16:07:39.336 [main] INFO  org.springframework.web.context.ContextLoader:296 - Root WebApplicationContext: initialization completed in 4877 ms
2020-03-20 16:07:39.716 [main] INFO  c.b.dynamic.datasource.DynamicDataSourceCreator:113 - 动态数据源-检测到druid存在,如配置中未指定type,druid会默认配置
2020-03-20 16:07:40.003 [main] INFO  com.alibaba.druid.pool.DruidDataSource:1003 - {dataSource-1,master} inited
2020-03-20 16:07:40.003 [main] INFO  c.b.dynamic.datasource.DynamicRoutingDataSource:203 - 初始共加载 1 个数据源
2020-03-20 16:07:40.004 [main] INFO  c.b.dynamic.datasource.DynamicRoutingDataSource:142 - 动态数据源-加载 master 成功
2020-03-20 16:07:40.004 [main] INFO  c.b.dynamic.datasource.DynamicRoutingDataSource:212 - 当前的默认数据源是单数据源，数据源名为 master
2020-03-20 16:07:44.008 [main] INFO  org.quartz.impl.StdSchedulerFactory:1208 - Using default implementation for ThreadExecutor
2020-03-20 16:07:44.023 [main] INFO  org.quartz.core.SchedulerSignalerImpl:61 - Initialized Scheduler Signaller of type: class org.quartz.core.SchedulerSignalerImpl
2020-03-20 16:07:44.024 [main] INFO  org.quartz.core.QuartzScheduler:229 - Quartz Scheduler v.2.3.0 created.
2020-03-20 16:07:44.030 [main] INFO  o.s.scheduling.quartz.LocalDataSourceJobStore:672 - Using db table-based data access locking (synchronization).
2020-03-20 16:07:44.033 [main] INFO  o.s.scheduling.quartz.LocalDataSourceJobStore:145 - JobStoreCMT initialized.
2020-03-20 16:07:44.034 [main] INFO  org.quartz.core.QuartzScheduler:294 - Scheduler meta-data: Quartz Scheduler (v2.3.0) 'quartzScheduler' with instanceId 'NON_CLUSTERED'
  Scheduler class: 'org.quartz.core.QuartzScheduler' - running locally.
  NOT STARTED.
  Currently in standby mode.
  Number of jobs executed: 0
  Using thread pool 'org.quartz.simpl.SimpleThreadPool' - with 10 threads.
  Using job-store 'org.springframework.scheduling.quartz.LocalDataSourceJobStore' - which supports persistence. and is not clustered.

2020-03-20 16:07:44.035 [main] INFO  org.quartz.impl.StdSchedulerFactory:1362 - Quartz scheduler 'quartzScheduler' initialized from an externally provided properties instance.
2020-03-20 16:07:44.035 [main] INFO  org.quartz.impl.StdSchedulerFactory:1366 - Quartz scheduler version: 2.3.0
2020-03-20 16:07:44.035 [main] INFO  org.quartz.core.QuartzScheduler:2287 - JobFactory set to: org.springframework.scheduling.quartz.SpringBeanJobFactory@7de2bdc7
2020-03-20 16:07:47.076 [main] WARN  org.jeecg.common.es.JeecgElasticsearchTemplate:61 - ElasticSearch 服务连接失败，原因：配置未通过。可能是BaseURL未配置或配置有误，也可能是Elasticsearch服务未启动。接下来将会拒绝执行任何方法！
2020-03-20 16:07:49.505 [main] INFO  o.s.b.actuate.endpoint.web.EndpointLinksResolver:59 - Exposing 2 endpoint(s) beneath base path '/actuator'
2020-03-20 16:07:49.689 [main] INFO  s.d.s.w.PropertySourcedRequestMappingHandlerMapping:69 - Mapped URL path [/v2/api-docs] onto method [public org.springframework.http.ResponseEntity<springfox.documentation.spring.web.json.Json> springfox.documentation.swagger2.web.Swagger2Controller.getDocumentation(java.lang.String,javax.servlet.http.HttpServletRequest)]
2020-03-20 16:07:50.000 [main] INFO  o.s.scheduling.concurrent.ThreadPoolTaskExecutor:171 - Initializing ExecutorService 'applicationTaskExecutor'
2020-03-20 16:07:50.969 [main] INFO  s.d.s.web.plugins.DocumentationPluginsBootstrapper:160 - Context refreshed
2020-03-20 16:07:50.993 [main] INFO  s.d.s.web.plugins.DocumentationPluginsBootstrapper:163 - Found 1 custom documentation plugin(s)
2020-03-20 16:07:51.060 [main] INFO  s.d.spring.web.scanners.ApiListingReferenceScanner:41 - Scanning for api listing references
2020-03-20 16:07:51.249 [main] INFO  s.d.s.w.r.operation.CachingOperationNameGenerator:40 - Generating unique operation named: addUsingPOST_1
2020-03-20 16:07:51.251 [main] INFO  s.d.s.w.r.operation.CachingOperationNameGenerator:40 - Generating unique operation named: deleteUsingDELETE_1
2020-03-20 16:07:51.252 [main] INFO  s.d.s.w.r.operation.CachingOperationNameGenerator:40 - Generating unique operation named: deleteBatchUsingDELETE_1
2020-03-20 16:07:51.253 [main] INFO  s.d.s.w.r.operation.CachingOperationNameGenerator:40 - Generating unique operation named: editUsingPUT_1
2020-03-20 16:07:51.255 [main] INFO  s.d.s.w.r.operation.CachingOperationNameGenerator:40 - Generating unique operation named: queryByIdUsingGET_1
2020-03-20 16:07:51.267 [main] INFO  s.d.s.w.r.operation.CachingOperationNameGenerator:40 - Generating unique operation named: addUsingPOST_2
2020-03-20 16:07:51.268 [main] INFO  s.d.s.w.r.operation.CachingOperationNameGenerator:40 - Generating unique operation named: deleteUsingDELETE_2
2020-03-20 16:07:51.269 [main] INFO  s.d.s.w.r.operation.CachingOperationNameGenerator:40 - Generating unique operation named: deleteBatchUsingDELETE_2
2020-03-20 16:07:51.271 [main] INFO  s.d.s.w.r.operation.CachingOperationNameGenerator:40 - Generating unique operation named: editUsingPUT_2
2020-03-20 16:07:51.272 [main] INFO  s.d.s.w.r.operation.CachingOperationNameGenerator:40 - Generating unique operation named: queryByIdUsingGET_2
2020-03-20 16:07:51.281 [main] INFO  s.d.s.w.r.operation.CachingOperationNameGenerator:40 - Generating unique operation named: queryPageListUsingGET_1
2020-03-20 16:07:51.294 [main] INFO  o.s.scheduling.quartz.SchedulerFactoryBean:726 - Starting Quartz Scheduler now
2020-03-20 16:07:51.429 [main] INFO  o.s.scheduling.quartz.LocalDataSourceJobStore:866 - Freed 0 triggers from 'acquired' / 'blocked' state.
2020-03-20 16:07:51.437 [main] INFO  o.s.scheduling.quartz.LocalDataSourceJobStore:876 - Recovering 0 jobs that were in-progress at the time of the last shut-down.
2020-03-20 16:07:51.437 [main] INFO  o.s.scheduling.quartz.LocalDataSourceJobStore:889 - Recovery complete.
2020-03-20 16:07:51.438 [main] INFO  o.s.scheduling.quartz.LocalDataSourceJobStore:896 - Removed 0 'complete' triggers.
2020-03-20 16:07:51.440 [main] INFO  o.s.scheduling.quartz.LocalDataSourceJobStore:901 - Removed 0 stale fired job entries.
2020-03-20 16:07:51.441 [main] INFO  org.quartz.core.QuartzScheduler:547 - Scheduler quartzScheduler_$_NON_CLUSTERED started.
2020-03-20 16:07:51.458 [main] INFO  org.apache.coyote.http11.Http11NioProtocol:173 - Starting ProtocolHandler ["http-nio-8080"]
2020-03-20 16:07:51.488 [main] INFO  o.s.boot.web.embedded.tomcat.TomcatWebServer:204 - Tomcat started on port(s): 8080 (http) with context path '/jeecg-boot'
2020-03-20 16:07:51.491 [main] INFO  org.jeecg.JeecgApplication:59 - Started JeecgApplication in 17.965 seconds (JVM running for 19.235)
2020-03-20 16:07:51.505 [main] INFO  org.jeecg.JeecgApplication:33 - 
----------------------------------------------------------
	Application Jeecg-Boot is running! Access URLs:
	Local: 		http://localhost:8080/jeecg-boot/
	External: 	http://192.168.1.105:8080/jeecg-boot/
	swagger-ui: 		http://192.168.1.105:8080/jeecg-boot/doc.html
----------------------------------------------------------
2020-03-20 16:07:51.724 [RMI TCP Connection(4)-127.0.0.1] INFO  o.a.c.c.C.[Tomcat].[localhost].[/jeecg-boot]:173 - Initializing Spring DispatcherServlet 'dispatcherServlet'
2020-03-20 16:07:51.724 [RMI TCP Connection(4)-127.0.0.1] INFO  org.springframework.web.servlet.DispatcherServlet:524 - Initializing Servlet 'dispatcherServlet'
2020-03-20 16:07:51.745 [RMI TCP Connection(4)-127.0.0.1] INFO  org.springframework.web.servlet.DispatcherServlet:546 - Completed initialization in 20 ms
2020-03-20 16:07:51.873 [RMI TCP Connection(6)-127.0.0.1] INFO  io.lettuce.core.EpollProvider:68 - Starting without optional epoll library
2020-03-20 16:07:51.876 [RMI TCP Connection(6)-127.0.0.1] INFO  io.lettuce.core.KqueueProvider:70 - Starting without optional kqueue library
2020-03-20 16:09:48.794 [http-nio-8080-exec-4] DEBUG o.j.m.system.mapper.SysUserMapper.getUserByName:143 - ==>  Preparing: select * from sys_user where username = ? and del_flag = '0' 
2020-03-20 16:09:48.804 [http-nio-8080-exec-4] DEBUG o.j.m.system.mapper.SysUserMapper.getUserByName:143 - ==> Parameters: admin(String)
2020-03-20 16:09:48.816 [http-nio-8080-exec-4] DEBUG o.j.m.system.mapper.SysUserMapper.getUserByName:143 - <==      Total: 1
2020-03-20 16:09:56.904 [http-nio-8080-exec-6] DEBUG o.j.m.system.mapper.SysUserMapper.getUserByName:143 - ==>  Preparing: select * from sys_user where username = ? and del_flag = '0' 
2020-03-20 16:09:56.906 [http-nio-8080-exec-6] DEBUG o.j.m.system.mapper.SysUserMapper.getUserByName:143 - ==> Parameters: admin(String)
2020-03-20 16:09:56.908 [http-nio-8080-exec-6] DEBUG o.j.m.system.mapper.SysUserMapper.getUserByName:143 - <==      Total: 1
2020-03-20 16:10:07.236 [http-nio-8080-exec-5] DEBUG o.j.m.system.mapper.SysUserMapper.getUserByName:143 - ==>  Preparing: select * from sys_user where username = ? and del_flag = '0' 
2020-03-20 16:10:07.238 [http-nio-8080-exec-5] DEBUG o.j.m.system.mapper.SysUserMapper.getUserByName:143 - ==> Parameters: admin(String)
2020-03-20 16:10:07.244 [http-nio-8080-exec-5] DEBUG o.j.m.system.mapper.SysUserMapper.getUserByName:143 - <==      Total: 1
2020-03-20 16:10:07.282 [http-nio-8080-exec-5] DEBUG o.j.m.s.mapper.SysDepartMapper.queryUserDeparts:143 - ==>  Preparing: select * from sys_depart where id IN ( select dep_id from sys_user_depart where user_id = ? ) 
2020-03-20 16:10:07.285 [http-nio-8080-exec-5] DEBUG o.j.m.s.mapper.SysDepartMapper.queryUserDeparts:143 - ==> Parameters: e9ca23d68d884d4ebb19d07889727dae(String)
2020-03-20 16:10:07.291 [http-nio-8080-exec-5] DEBUG o.j.m.s.mapper.SysDepartMapper.queryUserDeparts:143 - <==      Total: 1
2020-03-20 16:10:07.295 [http-nio-8080-exec-5] DEBUG o.j.m.system.mapper.SysUserMapper.updateUserDepart:143 - ==>  Preparing: UPDATE sys_user SET org_code = ? where username = ? 
2020-03-20 16:10:07.297 [http-nio-8080-exec-5] DEBUG o.j.m.system.mapper.SysUserMapper.updateUserDepart:143 - ==> Parameters: A03(String), admin(String)
2020-03-20 16:10:07.298 [http-nio-8080-exec-5] DEBUG o.j.m.system.mapper.SysUserMapper.updateUserDepart:143 - <==    Updates: 1
2020-03-20 16:10:07.671 [http-nio-8080-exec-5] DEBUG o.jeecg.modules.system.mapper.SysLogMapper.insert:143 - ==>  Preparing: INSERT INTO sys_log ( id, create_time, ip, log_content, log_type ) VALUES ( ?, ?, ?, ?, ? ) 
2020-03-20 16:10:07.680 [http-nio-8080-exec-5] DEBUG o.jeecg.modules.system.mapper.SysLogMapper.insert:143 - ==> Parameters: 1240913498137878529(String), 2020-03-20 16:10:07.316(Timestamp), 127.0.0.1(String), 用户名: admin,登录成功！(String), 1(Integer)
2020-03-20 16:10:07.686 [http-nio-8080-exec-5] DEBUG o.jeecg.modules.system.mapper.SysLogMapper.insert:143 - <==    Updates: 1
2020-03-20 16:10:07.732 [http-nio-8080-exec-2] INFO  org.jeecg.modules.shiro.authc.ShiroRealm:118 - ———校验token是否有效————checkUserTokenIsEffect——————— eyJ0eXAiOiJKV1QiLCJhbGciOiJIUzI1NiJ9.eyJleHAiOjE1ODQ3MDk4MDcsInVzZXJuYW1lIjoiYWRtaW4ifQ.DPQzHp_EsyIThaEpr86TgoU1hFGRMtZf6cCfXpZ5xU8
2020-03-20 16:10:07.743 [http-nio-8080-exec-2] DEBUG o.j.m.system.mapper.SysUserMapper.getUserByName:143 - ==>  Preparing: select * from sys_user where username = ? and del_flag = '0' 
2020-03-20 16:10:07.744 [http-nio-8080-exec-2] DEBUG o.j.m.system.mapper.SysUserMapper.getUserByName:143 - ==> Parameters: admin(String)
2020-03-20 16:10:07.747 [http-nio-8080-exec-2] DEBUG o.j.m.system.mapper.SysUserMapper.getUserByName:143 - <==      Total: 1
2020-03-20 16:10:07.810 [http-nio-8080-exec-2] INFO  o.j.m.system.controller.SysPermissionController:182 -  ------ 通过令牌获取用户拥有的访问菜单 ---- TOKEN ------ eyJ0eXAiOiJKV1QiLCJhbGciOiJIUzI1NiJ9.eyJleHAiOjE1ODQ3MDk4MDcsInVzZXJuYW1lIjoiYWRtaW4ifQ.DPQzHp_EsyIThaEpr86TgoU1hFGRMtZf6cCfXpZ5xU8
2020-03-20 16:10:07.818 [http-nio-8080-exec-2] DEBUG o.j.m.s.mapper.SysPermissionMapper.queryByUser:143 - ==>  Preparing: SELECT p.* FROM sys_permission p WHERE exists( select a.id from sys_role_permission a join sys_role b on a.role_id = b.id join sys_user_role c on c.role_id = b.id join sys_user d on d.id = c.user_id where p.id = a.permission_id AND d.username = ? ) and p.del_flag = 0 order by p.sort_no ASC 
2020-03-20 16:10:07.823 [http-nio-8080-exec-2] DEBUG o.j.m.s.mapper.SysPermissionMapper.queryByUser:143 - ==> Parameters: admin(String)
2020-03-20 16:10:07.849 [http-nio-8080-exec-2] DEBUG o.j.m.s.mapper.SysPermissionMapper.queryByUser:143 - <==      Total: 39
2020-03-20 16:10:07.892 [http-nio-8080-exec-2] DEBUG o.j.m.system.mapper.SysPermissionMapper.selectList:143 - ==>  Preparing: SELECT id,parent_id,name,perms,perms_type,icon,component,component_name,url,redirect,sort_no,menu_type,is_leaf AS leaf,is_route AS route,keep_alive,description,create_by,del_flag,rule_flag,hidden,create_time,update_by,update_time,status,always_show,internal_or_external FROM sys_permission WHERE del_flag = ? AND menu_type = ? 
2020-03-20 16:10:07.894 [http-nio-8080-exec-2] DEBUG o.j.m.system.mapper.SysPermissionMapper.selectList:143 - ==> Parameters: 0(Integer), 2(Integer)
2020-03-20 16:10:07.896 [http-nio-8080-exec-2] DEBUG o.j.m.system.mapper.SysPermissionMapper.selectList:143 - <==      Total: 3
2020-03-20 16:10:09.089 [http-nio-8080-exec-7] INFO  org.jeecg.modules.shiro.authc.ShiroRealm:118 - ———校验token是否有效————checkUserTokenIsEffect——————— eyJ0eXAiOiJKV1QiLCJhbGciOiJIUzI1NiJ9.eyJleHAiOjE1ODQ3MDk4MDcsInVzZXJuYW1lIjoiYWRtaW4ifQ.DPQzHp_EsyIThaEpr86TgoU1hFGRMtZf6cCfXpZ5xU8
2020-03-20 16:10:11.593 [http-nio-8080-exec-3] INFO  org.jeecg.modules.shiro.authc.ShiroRealm:118 - ———校验token是否有效————checkUserTokenIsEffect——————— eyJ0eXAiOiJKV1QiLCJhbGciOiJIUzI1NiJ9.eyJleHAiOjE1ODQ3MDk4MDcsInVzZXJuYW1lIjoiYWRtaW4ifQ.DPQzHp_EsyIThaEpr86TgoU1hFGRMtZf6cCfXpZ5xU8
2020-03-20 16:10:11.671 [http-nio-8080-exec-3] INFO  org.jeecg.common.system.query.QueryGenerator:389 - --查询规则-->copy_type = 0
2020-03-20 16:10:11.894 [http-nio-8080-exec-8] INFO  org.jeecg.modules.shiro.authc.ShiroRealm:118 - ———校验token是否有效————checkUserTokenIsEffect——————— eyJ0eXAiOiJKV1QiLCJhbGciOiJIUzI1NiJ9.eyJleHAiOjE1ODQ3MDk4MDcsInVzZXJuYW1lIjoiYWRtaW4ifQ.DPQzHp_EsyIThaEpr86TgoU1hFGRMtZf6cCfXpZ5xU8
2020-03-20 16:10:11.916 [http-nio-8080-exec-8] INFO  o.j.modules.system.controller.SysDictController:130 -  dictCode : cgform_table_type
2020-03-20 16:10:11.935 [http-nio-8080-exec-8] INFO  o.j.modules.system.service.impl.SysDictServiceImpl:51 - 无缓存dictCache的时候调用这里！
2020-03-20 16:10:11.938 [http-nio-8080-exec-8] DEBUG o.j.m.s.mapper.SysDictMapper.queryDictItemsByCode:143 - ==>  Preparing: select s.item_value as "value",s.item_text as "text" from sys_dict_item s where dict_id = (select id from sys_dict where dict_code = ?) order by s.sort_order asc 
2020-03-20 16:10:11.943 [http-nio-8080-exec-8] DEBUG o.j.m.s.mapper.SysDictMapper.queryDictItemsByCode:143 - ==> Parameters: cgform_table_type(String)
2020-03-20 16:10:11.948 [http-nio-8080-exec-8] DEBUG o.j.m.s.mapper.SysDictMapper.queryDictItemsByCode:143 - <==      Total: 3
2020-03-20 16:10:11.957 [http-nio-8080-exec-8] INFO  o.j.modules.system.controller.SysDictController:163 - Result(success=true, message=操作成功！, code=0, result=[DictModel(value=1, text=单表), DictModel(value=2, text=主表), DictModel(value=3, text=附表)], timestamp=1584691811917)
2020-03-20 16:10:12.266 [http-nio-8080-exec-9] INFO  org.jeecg.modules.shiro.authc.ShiroRealm:118 - ———校验token是否有效————checkUserTokenIsEffect——————— eyJ0eXAiOiJKV1QiLCJhbGciOiJIUzI1NiJ9.eyJleHAiOjE1ODQ3MDk4MDcsInVzZXJuYW1lIjoiYWRtaW4ifQ.DPQzHp_EsyIThaEpr86TgoU1hFGRMtZf6cCfXpZ5xU8
2020-03-20 16:10:12.280 [http-nio-8080-exec-9] INFO  o.j.modules.system.controller.SysDictController:130 -  dictCode : cgform_table_type
2020-03-20 16:10:12.286 [http-nio-8080-exec-9] INFO  o.j.modules.system.controller.SysDictController:163 - Result(success=true, message=操作成功！, code=0, result=[DictModel(value=1, text=单表), DictModel(value=2, text=主表), DictModel(value=3, text=附表)], timestamp=1584691812281)
2020-03-20 16:10:23.317 [http-nio-8080-exec-10] INFO  org.jeecg.modules.shiro.authc.ShiroRealm:118 - ———校验token是否有效————checkUserTokenIsEffect——————— eyJ0eXAiOiJKV1QiLCJhbGciOiJIUzI1NiJ9.eyJleHAiOjE1ODQ3MDk4MDcsInVzZXJuYW1lIjoiYWRtaW4ifQ.DPQzHp_EsyIThaEpr86TgoU1hFGRMtZf6cCfXpZ5xU8
2020-03-20 16:10:23.332 [http-nio-8080-exec-10] INFO  org.jeecg.common.system.query.QueryGenerator:389 - --查询规则-->copy_type = 0
2020-03-20 16:10:30.089 [http-nio-8080-exec-1] INFO  org.jeecg.modules.shiro.authc.ShiroRealm:118 - ———校验token是否有效————checkUserTokenIsEffect——————— eyJ0eXAiOiJKV1QiLCJhbGciOiJIUzI1NiJ9.eyJleHAiOjE1ODQ3MDk4MDcsInVzZXJuYW1lIjoiYWRtaW4ifQ.DPQzHp_EsyIThaEpr86TgoU1hFGRMtZf6cCfXpZ5xU8
2020-03-20 16:10:30.719 [http-nio-8080-exec-4] INFO  org.jeecg.modules.shiro.authc.ShiroRealm:118 - ———校验token是否有效————checkUserTokenIsEffect——————— eyJ0eXAiOiJKV1QiLCJhbGciOiJIUzI1NiJ9.eyJleHAiOjE1ODQ3MDk4MDcsInVzZXJuYW1lIjoiYWRtaW4ifQ.DPQzHp_EsyIThaEpr86TgoU1hFGRMtZf6cCfXpZ5xU8
2020-03-20 16:10:30.727 [http-nio-8080-exec-4] INFO  org.jeecg.common.system.query.QueryGenerator:389 - --查询规则-->copy_type = 0
2020-03-20 16:10:33.799 [http-nio-8080-exec-6] INFO  org.jeecg.modules.shiro.authc.ShiroRealm:118 - ———校验token是否有效————checkUserTokenIsEffect——————— eyJ0eXAiOiJKV1QiLCJhbGciOiJIUzI1NiJ9.eyJleHAiOjE1ODQ3MDk4MDcsInVzZXJuYW1lIjoiYWRtaW4ifQ.DPQzHp_EsyIThaEpr86TgoU1hFGRMtZf6cCfXpZ5xU8
2020-03-20 16:10:34.316 [http-nio-8080-exec-5] INFO  org.jeecg.modules.shiro.authc.ShiroRealm:118 - ———校验token是否有效————checkUserTokenIsEffect——————— eyJ0eXAiOiJKV1QiLCJhbGciOiJIUzI1NiJ9.eyJleHAiOjE1ODQ3MDk4MDcsInVzZXJuYW1lIjoiYWRtaW4ifQ.DPQzHp_EsyIThaEpr86TgoU1hFGRMtZf6cCfXpZ5xU8
2020-03-20 16:10:34.322 [http-nio-8080-exec-5] INFO  org.jeecg.common.system.query.QueryGenerator:389 - --查询规则-->copy_type = 0
2020-03-20 16:10:38.479 [http-nio-8080-exec-2] INFO  org.jeecg.modules.shiro.authc.ShiroRealm:118 - ———校验token是否有效————checkUserTokenIsEffect——————— eyJ0eXAiOiJKV1QiLCJhbGciOiJIUzI1NiJ9.eyJleHAiOjE1ODQ3MDk4MDcsInVzZXJuYW1lIjoiYWRtaW4ifQ.DPQzHp_EsyIThaEpr86TgoU1hFGRMtZf6cCfXpZ5xU8
2020-03-20 16:10:38.937 [http-nio-8080-exec-7] INFO  org.jeecg.modules.shiro.authc.ShiroRealm:118 - ———校验token是否有效————checkUserTokenIsEffect——————— eyJ0eXAiOiJKV1QiLCJhbGciOiJIUzI1NiJ9.eyJleHAiOjE1ODQ3MDk4MDcsInVzZXJuYW1lIjoiYWRtaW4ifQ.DPQzHp_EsyIThaEpr86TgoU1hFGRMtZf6cCfXpZ5xU8
2020-03-20 16:10:38.948 [http-nio-8080-exec-7] INFO  org.jeecg.common.system.query.QueryGenerator:389 - --查询规则-->copy_type = 0
2020-03-20 16:10:40.824 [http-nio-8080-exec-3] INFO  org.jeecg.modules.shiro.authc.ShiroRealm:118 - ———校验token是否有效————checkUserTokenIsEffect——————— eyJ0eXAiOiJKV1QiLCJhbGciOiJIUzI1NiJ9.eyJleHAiOjE1ODQ3MDk4MDcsInVzZXJuYW1lIjoiYWRtaW4ifQ.DPQzHp_EsyIThaEpr86TgoU1hFGRMtZf6cCfXpZ5xU8
2020-03-20 16:10:41.126 [http-nio-8080-exec-8] INFO  org.jeecg.modules.shiro.authc.ShiroRealm:118 - ———校验token是否有效————checkUserTokenIsEffect——————— eyJ0eXAiOiJKV1QiLCJhbGciOiJIUzI1NiJ9.eyJleHAiOjE1ODQ3MDk4MDcsInVzZXJuYW1lIjoiYWRtaW4ifQ.DPQzHp_EsyIThaEpr86TgoU1hFGRMtZf6cCfXpZ5xU8
2020-03-20 16:11:33.001 [http-nio-8080-exec-9] INFO  org.jeecg.modules.shiro.authc.ShiroRealm:118 - ———校验token是否有效————checkUserTokenIsEffect——————— eyJ0eXAiOiJKV1QiLCJhbGciOiJIUzI1NiJ9.eyJleHAiOjE1ODQ3MDk4MDcsInVzZXJuYW1lIjoiYWRtaW4ifQ.DPQzHp_EsyIThaEpr86TgoU1hFGRMtZf6cCfXpZ5xU8
2020-03-20 16:11:33.370 [http-nio-8080-exec-10] INFO  org.jeecg.modules.shiro.authc.ShiroRealm:118 - ———校验token是否有效————checkUserTokenIsEffect——————— eyJ0eXAiOiJKV1QiLCJhbGciOiJIUzI1NiJ9.eyJleHAiOjE1ODQ3MDk4MDcsInVzZXJuYW1lIjoiYWRtaW4ifQ.DPQzHp_EsyIThaEpr86TgoU1hFGRMtZf6cCfXpZ5xU8
2020-03-20 16:11:34.148 [http-nio-8080-exec-1] INFO  org.jeecg.modules.shiro.authc.ShiroRealm:118 - ———校验token是否有效————checkUserTokenIsEffect——————— eyJ0eXAiOiJKV1QiLCJhbGciOiJIUzI1NiJ9.eyJleHAiOjE1ODQ3MDk4MDcsInVzZXJuYW1lIjoiYWRtaW4ifQ.DPQzHp_EsyIThaEpr86TgoU1hFGRMtZf6cCfXpZ5xU8
2020-03-20 16:11:34.158 [http-nio-8080-exec-1] INFO  org.jeecg.common.system.query.QueryGenerator:389 - --查询规则-->copy_type = 0
2020-03-20 16:11:38.649 [http-nio-8080-exec-4] INFO  org.jeecg.modules.shiro.authc.ShiroRealm:118 - ———校验token是否有效————checkUserTokenIsEffect——————— eyJ0eXAiOiJKV1QiLCJhbGciOiJIUzI1NiJ9.eyJleHAiOjE1ODQ3MDk4MDcsInVzZXJuYW1lIjoiYWRtaW4ifQ.DPQzHp_EsyIThaEpr86TgoU1hFGRMtZf6cCfXpZ5xU8
2020-03-20 16:11:38.686 [http-nio-8080-exec-4] INFO  org.jeecg.modules.online.config.util.d:191 - 数据库表：【wx_swiper】已存在
2020-03-20 16:11:38.687 [http-nio-8080-exec-4] INFO  org.jeecg.modules.online.cgform.service.impl.d:279 - ==判断表是否存在消耗时间19毫秒
2020-03-20 16:11:38.700 [http-nio-8080-exec-4] INFO  org.jeecg.modules.online.config.util.c:284 - getColumnMetadataFormDataBase --->COLUMN_NAME:ID TYPE_NAME :VARCHAR DECIMAL_DIGITS:0 COLUMN_SIZE:36
2020-03-20 16:11:38.701 [http-nio-8080-exec-4] INFO  org.jeecg.modules.online.config.util.c:284 - getColumnMetadataFormDataBase --->COLUMN_NAME:CREATE_BY TYPE_NAME :VARCHAR DECIMAL_DIGITS:0 COLUMN_SIZE:50
2020-03-20 16:11:38.705 [http-nio-8080-exec-4] INFO  org.jeecg.modules.online.config.util.c:284 - getColumnMetadataFormDataBase --->COLUMN_NAME:CREATE_TIME TYPE_NAME :DATETIME DECIMAL_DIGITS:0 COLUMN_SIZE:19
2020-03-20 16:11:38.707 [http-nio-8080-exec-4] INFO  org.jeecg.modules.online.config.util.c:284 - getColumnMetadataFormDataBase --->COLUMN_NAME:UPDATE_BY TYPE_NAME :VARCHAR DECIMAL_DIGITS:0 COLUMN_SIZE:50
2020-03-20 16:11:38.707 [http-nio-8080-exec-4] INFO  org.jeecg.modules.online.config.util.c:284 - getColumnMetadataFormDataBase --->COLUMN_NAME:UPDATE_TIME TYPE_NAME :DATETIME DECIMAL_DIGITS:0 COLUMN_SIZE:19
2020-03-20 16:11:38.708 [http-nio-8080-exec-4] INFO  org.jeecg.modules.online.config.util.c:284 - getColumnMetadataFormDataBase --->COLUMN_NAME:SYS_ORG_CODE TYPE_NAME :VARCHAR DECIMAL_DIGITS:0 COLUMN_SIZE:64
2020-03-20 16:11:38.708 [http-nio-8080-exec-4] INFO  org.jeecg.modules.online.config.util.c:284 - getColumnMetadataFormDataBase --->COLUMN_NAME:IMG TYPE_NAME :VARCHAR DECIMAL_DIGITS:0 COLUMN_SIZE:300
2020-03-20 16:11:38.708 [http-nio-8080-exec-4] INFO  org.jeecg.modules.online.config.util.c:284 - getColumnMetadataFormDataBase --->COLUMN_NAME:TARGET_HREF TYPE_NAME :VARCHAR DECIMAL_DIGITS:0 COLUMN_SIZE:300
2020-03-20 16:11:38.709 [http-nio-8080-exec-4] INFO  org.jeecg.modules.online.config.util.c:284 - getColumnMetadataFormDataBase --->COLUMN_NAME:TYPE TYPE_NAME :VARCHAR DECIMAL_DIGITS:0 COLUMN_SIZE:1
2020-03-20 16:11:38.709 [http-nio-8080-exec-4] INFO  org.jeecg.modules.online.config.util.c:284 - getColumnMetadataFormDataBase --->COLUMN_NAME:NAME TYPE_NAME :VARCHAR DECIMAL_DIGITS:0 COLUMN_SIZE:64
2020-03-20 16:11:38.709 [http-nio-8080-exec-4] INFO  org.jeecg.modules.online.config.util.c:284 - getColumnMetadataFormDataBase --->COLUMN_NAME:DISPLAY_ORDER TYPE_NAME :INT DECIMAL_DIGITS:0 COLUMN_SIZE:10
2020-03-20 16:11:38.710 [http-nio-8080-exec-4] INFO  org.jeecg.modules.online.config.util.c:284 - getColumnMetadataFormDataBase --->COLUMN_NAME:DISPLAY TYPE_NAME :VARCHAR DECIMAL_DIGITS:0 COLUMN_SIZE:1
2020-03-20 16:11:38.711 [http-nio-8080-exec-4] INFO  org.jeecg.modules.online.config.util.c:314 - getColumnMetadataFormCgForm ---->COLUMN_NAME:id TYPE_NAME:string DECIMAL_DIGITS:0 COLUMN_SIZE:36
2020-03-20 16:11:38.711 [http-nio-8080-exec-4] INFO  org.jeecg.modules.online.config.util.c:314 - getColumnMetadataFormCgForm ---->COLUMN_NAME:create_by TYPE_NAME:string DECIMAL_DIGITS:0 COLUMN_SIZE:50
2020-03-20 16:11:38.712 [http-nio-8080-exec-4] INFO  org.jeecg.modules.online.config.util.c:314 - getColumnMetadataFormCgForm ---->COLUMN_NAME:create_time TYPE_NAME:date DECIMAL_DIGITS:0 COLUMN_SIZE:20
2020-03-20 16:11:38.712 [http-nio-8080-exec-4] INFO  org.jeecg.modules.online.config.util.c:314 - getColumnMetadataFormCgForm ---->COLUMN_NAME:update_by TYPE_NAME:string DECIMAL_DIGITS:0 COLUMN_SIZE:50
2020-03-20 16:11:38.712 [http-nio-8080-exec-4] INFO  org.jeecg.modules.online.config.util.c:314 - getColumnMetadataFormCgForm ---->COLUMN_NAME:update_time TYPE_NAME:date DECIMAL_DIGITS:0 COLUMN_SIZE:20
2020-03-20 16:11:38.712 [http-nio-8080-exec-4] INFO  org.jeecg.modules.online.config.util.c:314 - getColumnMetadataFormCgForm ---->COLUMN_NAME:sys_org_code TYPE_NAME:string DECIMAL_DIGITS:0 COLUMN_SIZE:64
2020-03-20 16:11:38.713 [http-nio-8080-exec-4] INFO  org.jeecg.modules.online.config.util.c:314 - getColumnMetadataFormCgForm ---->COLUMN_NAME:img TYPE_NAME:string DECIMAL_DIGITS:0 COLUMN_SIZE:300
2020-03-20 16:11:38.713 [http-nio-8080-exec-4] INFO  org.jeecg.modules.online.config.util.c:314 - getColumnMetadataFormCgForm ---->COLUMN_NAME:target_href TYPE_NAME:string DECIMAL_DIGITS:0 COLUMN_SIZE:300
2020-03-20 16:11:38.713 [http-nio-8080-exec-4] INFO  org.jeecg.modules.online.config.util.c:314 - getColumnMetadataFormCgForm ---->COLUMN_NAME:type TYPE_NAME:string DECIMAL_DIGITS:0 COLUMN_SIZE:1
2020-03-20 16:11:38.713 [http-nio-8080-exec-4] INFO  org.jeecg.modules.online.config.util.c:314 - getColumnMetadataFormCgForm ---->COLUMN_NAME:name TYPE_NAME:string DECIMAL_DIGITS:0 COLUMN_SIZE:64
2020-03-20 16:11:38.713 [http-nio-8080-exec-4] INFO  org.jeecg.modules.online.config.util.c:314 - getColumnMetadataFormCgForm ---->COLUMN_NAME:display_order TYPE_NAME:int DECIMAL_DIGITS:0 COLUMN_SIZE:2
2020-03-20 16:11:38.714 [http-nio-8080-exec-4] INFO  org.jeecg.modules.online.config.util.c:314 - getColumnMetadataFormCgForm ---->COLUMN_NAME:display TYPE_NAME:string DECIMAL_DIGITS:0 COLUMN_SIZE:1
2020-03-20 16:11:38.714 [http-nio-8080-exec-4] INFO  org.jeecg.modules.online.config.util.c:314 - getColumnMetadataFormCgForm ---->COLUMN_NAME:content TYPE_NAME:text DECIMAL_DIGITS:0 COLUMN_SIZE:0
2020-03-20 16:11:38.714 [http-nio-8080-exec-4] INFO  org.jeecg.modules.online.config.util.c:218 - [alter table  wx_swiper  MODIFY COLUMN img varchar(300) NULL COMMENT '广告图' ;, alter table  wx_swiper  MODIFY COLUMN target_href varchar(300) NULL COMMENT '跳转地址' ;, alter table  wx_swiper  MODIFY COLUMN create_time datetime NULL COMMENT '创建日期' ;, alter table  wx_swiper  MODIFY COLUMN display varchar(1) NULL COMMENT '是否展示' DEFAULT 0;, alter table  wx_swiper  MODIFY COLUMN display_order int(2) NULL COMMENT '轮播顺序' DEFAULT 0;, alter table  wx_swiper  MODIFY COLUMN type varchar(1) NULL COMMENT '类型' ;, alter table  wx_swiper  ADD COLUMN content text NULL COMMENT '内容' ;, , alter table  wx_swiper  MODIFY COLUMN update_time datetime NULL COMMENT '更新日期' ;, alter table  wx_swiper  MODIFY COLUMN name varchar(64) NULL COMMENT '名称' ;, alter table  wx_swiper  MODIFY COLUMN id varchar(36) NOT NULL COMMENT '主键' ;, ]
2020-03-20 16:11:38.916 [http-nio-8080-exec-4] INFO  org.jeecg.modules.online.cgform.a.a:601 - ==同步数据库消耗时间258毫秒
2020-03-20 16:11:39.276 [http-nio-8080-exec-6] INFO  org.jeecg.modules.shiro.authc.ShiroRealm:118 - ———校验token是否有效————checkUserTokenIsEffect——————— eyJ0eXAiOiJKV1QiLCJhbGciOiJIUzI1NiJ9.eyJleHAiOjE1ODQ3MDk4MDcsInVzZXJuYW1lIjoiYWRtaW4ifQ.DPQzHp_EsyIThaEpr86TgoU1hFGRMtZf6cCfXpZ5xU8
2020-03-20 16:11:39.282 [http-nio-8080-exec-6] INFO  org.jeecg.common.system.query.QueryGenerator:389 - --查询规则-->copy_type = 0
2020-03-20 16:11:52.731 [http-nio-8080-exec-5] INFO  org.jeecg.modules.shiro.authc.ShiroRealm:118 - ———校验token是否有效————checkUserTokenIsEffect——————— eyJ0eXAiOiJKV1QiLCJhbGciOiJIUzI1NiJ9.eyJleHAiOjE1ODQ3MDk4MDcsInVzZXJuYW1lIjoiYWRtaW4ifQ.DPQzHp_EsyIThaEpr86TgoU1hFGRMtZf6cCfXpZ5xU8
2020-03-20 16:11:52.732 [http-nio-8080-exec-2] INFO  org.jeecg.modules.shiro.authc.ShiroRealm:118 - ———校验token是否有效————checkUserTokenIsEffect——————— eyJ0eXAiOiJKV1QiLCJhbGciOiJIUzI1NiJ9.eyJleHAiOjE1ODQ3MDk4MDcsInVzZXJuYW1lIjoiYWRtaW4ifQ.DPQzHp_EsyIThaEpr86TgoU1hFGRMtZf6cCfXpZ5xU8
2020-03-20 16:11:57.206 [http-nio-8080-exec-7] INFO  org.jeecg.modules.shiro.authc.ShiroRealm:118 - ———校验token是否有效————checkUserTokenIsEffect——————— eyJ0eXAiOiJKV1QiLCJhbGciOiJIUzI1NiJ9.eyJleHAiOjE1ODQ3MDk4MDcsInVzZXJuYW1lIjoiYWRtaW4ifQ.DPQzHp_EsyIThaEpr86TgoU1hFGRMtZf6cCfXpZ5xU8
2020-03-20 16:11:57.339 [http-nio-8080-exec-7] INFO  o.j.codegenerate.generate.impl.CodeGenerateOne:122 - ----jeecg---Code----Generation----[单表模型:wx_swiper]------- 生成中。。。
2020-03-20 16:11:57.341 [http-nio-8080-exec-7] INFO  o.j.codegenerate.generate.impl.CodeGenerateOne:117 - code template data: {primaryKeyPolicy=java.lang.String, serialVersionUID=5134317745483057800, entityPackage=wx, entityName=WxSwiper, primaryKeyField=id, columns=[{"fieldDbName":"img","fieldName":"img","filedComment":"广告图","fieldType":"java.lang.String","fieldDbType":"String","classType":"image","classType_row":"image","optionType":"","charmaxLength":"","precision":"null","scale":"null","nullable":"N","fieldLength":"120","fieldHref":"","fieldValidType":"*","fieldDefault":"","fieldShowType":"image","fieldOrderNum":"7","isKey":"N","isShow":"Y","isShowList":"Y","isQuery":"N","queryMode":"single","dictField":"","dictTable":"","dictText":""}, {"fieldDbName":"target_href","fieldName":"targetHref","filedComment":"跳转地址","fieldType":"java.lang.String","fieldDbType":"String","classType":"text","classType_row":"text","optionType":"","charmaxLength":"","precision":"null","scale":"null","nullable":"Y","fieldLength":"120","fieldHref":"","fieldValidType":"null","fieldDefault":"","fieldShowType":"text","fieldOrderNum":"8","isKey":"N","isShow":"Y","isShowList":"Y","isQuery":"N","queryMode":"single","dictField":"","dictTable":"","dictText":""}, {"fieldDbName":"type","fieldName":"type","filedComment":"类型","fieldType":"java.lang.String","fieldDbType":"String","classType":"list","classType_row":"list","optionType":"","charmaxLength":"","precision":"null","scale":"null","nullable":"N","fieldLength":"120","fieldHref":"","fieldValidType":"*","fieldDefault":"","fieldShowType":"list","fieldOrderNum":"9","isKey":"N","isShow":"Y","isShowList":"Y","isQuery":"N","queryMode":"single","dictField":"swiper_type","dictTable":"","dictText":""}, {"fieldDbName":"name","fieldName":"name","filedComment":"名称","fieldType":"java.lang.String","fieldDbType":"String","classType":"text","classType_row":"text","optionType":"","charmaxLength":"","precision":"null","scale":"null","nullable":"N","fieldLength":"120","fieldHref":"","fieldValidType":"*","fieldDefault":"","fieldShowType":"text","fieldOrderNum":"10","isKey":"N","isShow":"Y","isShowList":"Y","isQuery":"N","queryMode":"single","dictField":"","dictTable":"","dictText":""}, {"fieldDbName":"display_order","fieldName":"displayOrder","filedComment":"轮播顺序","fieldType":"java.lang.Integer","fieldDbType":"int","classType":"text","classType_row":"text","optionType":"","charmaxLength":"","precision":"null","scale":"null","nullable":"N","fieldLength":"120","fieldHref":"","fieldValidType":"n","fieldDefault":"0","fieldShowType":"text","fieldOrderNum":"11","isKey":"N","isShow":"Y","isShowList":"Y","isQuery":"N","queryMode":"single","dictField":"","dictTable":"","dictText":""}, {"fieldDbName":"display","fieldName":"display","filedComment":"是否展示","fieldType":"java.lang.String","fieldDbType":"String","classType":"list","classType_row":"list","optionType":"","charmaxLength":"","precision":"null","scale":"null","nullable":"N","fieldLength":"120","fieldHref":"","fieldValidType":"*","fieldDefault":"0","fieldShowType":"list","fieldOrderNum":"12","isKey":"N","isShow":"Y","isShowList":"Y","isQuery":"N","queryMode":"single","dictField":"display_type","dictTable":"","dictText":""}, {"fieldDbName":"content","fieldName":"content","filedComment":"内容","fieldType":"java.lang.String","fieldDbType":"Text","classType":"umeditor","classType_row":"umeditor","optionType":"","charmaxLength":"","precision":"null","scale":"null","nullable":"Y","fieldLength":"120","fieldHref":"","fieldValidType":"null","fieldDefault":"","fieldShowType":"umeditor","fieldOrderNum":"13","isKey":"N","isShow":"Y","isShowList":"Y","isQuery":"N","queryMode":"single","dictField":"","dictTable":"","dictText":""}], tableVo={"tableName":"wx_swiper","ftlDescription":"首页轮播图管理","primaryKeyPolicy":"null","sequenceCode":"null","entityPackage":"wx","entityName":"WxSwiper","fieldRowNum":"1","searchFieldNum":"-1","fieldRequiredNum":"4"}, originalColumns=[{"fieldDbName":"id","fieldName":"id","filedComment":"主键","fieldType":"java.lang.String","fieldDbType":"string","classType":"text","classType_row":"text","optionType":"","charmaxLength":"","precision":"null","scale":"null","nullable":"N","fieldLength":"120","fieldHref":"","fieldValidType":"null","fieldDefault":"","fieldShowType":"text","fieldOrderNum":"1","isKey":"Y","isShow":"N","isShowList":"N","isQuery":"N","queryMode":"single","dictField":"","dictTable":"","dictText":""}, {"fieldDbName":"create_by","fieldName":"createBy","filedComment":"创建人","fieldType":"java.lang.String","fieldDbType":"string","classType":"text","classType_row":"text","optionType":"","charmaxLength":"","precision":"null","scale":"null","nullable":"Y","fieldLength":"120","fieldHref":"","fieldValidType":"null","fieldDefault":"","fieldShowType":"text","fieldOrderNum":"2","isKey":"N","isShow":"N","isShowList":"N","isQuery":"N","queryMode":"single","dictField":"","dictTable":"","dictText":""}, {"fieldDbName":"create_time","fieldName":"createTime","filedComment":"创建日期","fieldType":"java.util.Date","fieldDbType":"Date","classType":"datetime","classType_row":"datetime","optionType":"","charmaxLength":"","precision":"null","scale":"null","nullable":"Y","fieldLength":"120","fieldHref":"","fieldValidType":"null","fieldDefault":"","fieldShowType":"datetime","fieldOrderNum":"3","isKey":"N","isShow":"N","isShowList":"N","isQuery":"N","queryMode":"single","dictField":"","dictTable":"","dictText":""}, {"fieldDbName":"update_by","fieldName":"updateBy","filedComment":"更新人","fieldType":"java.lang.String","fieldDbType":"string","classType":"text","classType_row":"text","optionType":"","charmaxLength":"","precision":"null","scale":"null","nullable":"Y","fieldLength":"120","fieldHref":"","fieldValidType":"null","fieldDefault":"","fieldShowType":"text","fieldOrderNum":"4","isKey":"N","isShow":"N","isShowList":"N","isQuery":"N","queryMode":"single","dictField":"","dictTable":"","dictText":""}, {"fieldDbName":"update_time","fieldName":"updateTime","filedComment":"更新日期","fieldType":"java.util.Date","fieldDbType":"Date","classType":"datetime","classType_row":"datetime","optionType":"","charmaxLength":"","precision":"null","scale":"null","nullable":"Y","fieldLength":"120","fieldHref":"","fieldValidType":"null","fieldDefault":"","fieldShowType":"datetime","fieldOrderNum":"5","isKey":"N","isShow":"N","isShowList":"N","isQuery":"N","queryMode":"single","dictField":"","dictTable":"","dictText":""}, {"fieldDbName":"sys_org_code","fieldName":"sysOrgCode","filedComment":"所属部门","fieldType":"java.lang.String","fieldDbType":"string","classType":"text","classType_row":"text","optionType":"","charmaxLength":"","precision":"null","scale":"null","nullable":"Y","fieldLength":"120","fieldHref":"","fieldValidType":"null","fieldDefault":"","fieldShowType":"text","fieldOrderNum":"6","isKey":"N","isShow":"N","isShowList":"N","isQuery":"N","queryMode":"single","dictField":"","dictTable":"","dictText":""}, {"fieldDbName":"img","fieldName":"img","filedComment":"广告图","fieldType":"java.lang.String","fieldDbType":"String","classType":"image","classType_row":"image","optionType":"","charmaxLength":"","precision":"null","scale":"null","nullable":"N","fieldLength":"120","fieldHref":"","fieldValidType":"*","fieldDefault":"","fieldShowType":"image","fieldOrderNum":"7","isKey":"N","isShow":"Y","isShowList":"Y","isQuery":"N","queryMode":"single","dictField":"","dictTable":"","dictText":""}, {"fieldDbName":"target_href","fieldName":"targetHref","filedComment":"跳转地址","fieldType":"java.lang.String","fieldDbType":"String","classType":"text","classType_row":"text","optionType":"","charmaxLength":"","precision":"null","scale":"null","nullable":"Y","fieldLength":"120","fieldHref":"","fieldValidType":"null","fieldDefault":"","fieldShowType":"text","fieldOrderNum":"8","isKey":"N","isShow":"Y","isShowList":"Y","isQuery":"N","queryMode":"single","dictField":"","dictTable":"","dictText":""}, {"fieldDbName":"type","fieldName":"type","filedComment":"类型","fieldType":"java.lang.String","fieldDbType":"String","classType":"list","classType_row":"list","optionType":"","charmaxLength":"","precision":"null","scale":"null","nullable":"N","fieldLength":"120","fieldHref":"","fieldValidType":"*","fieldDefault":"","fieldShowType":"list","fieldOrderNum":"9","isKey":"N","isShow":"Y","isShowList":"Y","isQuery":"N","queryMode":"single","dictField":"swiper_type","dictTable":"","dictText":""}, {"fieldDbName":"name","fieldName":"name","filedComment":"名称","fieldType":"java.lang.String","fieldDbType":"String","classType":"text","classType_row":"text","optionType":"","charmaxLength":"","precision":"null","scale":"null","nullable":"N","fieldLength":"120","fieldHref":"","fieldValidType":"*","fieldDefault":"","fieldShowType":"text","fieldOrderNum":"10","isKey":"N","isShow":"Y","isShowList":"Y","isQuery":"N","queryMode":"single","dictField":"","dictTable":"","dictText":""}, {"fieldDbName":"display_order","fieldName":"displayOrder","filedComment":"轮播顺序","fieldType":"java.lang.Integer","fieldDbType":"int","classType":"text","classType_row":"text","optionType":"","charmaxLength":"","precision":"null","scale":"null","nullable":"N","fieldLength":"120","fieldHref":"","fieldValidType":"n","fieldDefault":"0","fieldShowType":"text","fieldOrderNum":"11","isKey":"N","isShow":"Y","isShowList":"Y","isQuery":"N","queryMode":"single","dictField":"","dictTable":"","dictText":""}, {"fieldDbName":"display","fieldName":"display","filedComment":"是否展示","fieldType":"java.lang.String","fieldDbType":"String","classType":"list","classType_row":"list","optionType":"","charmaxLength":"","precision":"null","scale":"null","nullable":"N","fieldLength":"120","fieldHref":"","fieldValidType":"*","fieldDefault":"0","fieldShowType":"list","fieldOrderNum":"12","isKey":"N","isShow":"Y","isShowList":"Y","isQuery":"N","queryMode":"single","dictField":"display_type","dictTable":"","dictText":""}, {"fieldDbName":"content","fieldName":"content","filedComment":"内容","fieldType":"java.lang.String","fieldDbType":"Text","classType":"umeditor","classType_row":"umeditor","optionType":"","charmaxLength":"","precision":"null","scale":"null","nullable":"Y","fieldLength":"120","fieldHref":"","fieldValidType":"null","fieldDefault":"","fieldShowType":"umeditor","fieldOrderNum":"13","isKey":"N","isShow":"Y","isShowList":"Y","isQuery":"N","queryMode":"single","dictField":"","dictTable":"","dictText":""}], bussiPackage=org.jeecg.modules, tableName=wx_swiper}
2020-03-20 16:11:57.345 [http-nio-8080-exec-7] INFO  org.jeecgframework.codegenerate.generate.a.a:34 - ----templatePath-----------------/jeecg/code-template-online/one
2020-03-20 16:11:57.346 [http-nio-8080-exec-7] INFO  org.jeecgframework.codegenerate.generate.impl.a.a:36 - --------generate----projectPath--------C:\Users\cafebabe\important\rcyq_app\rcyq\server\jeecg-boot-module-wx
2020-03-20 16:11:57.764 [http-nio-8080-exec-7] INFO  o.j.codegenerate.generate.impl.CodeGenerateOne:136 - ----jeecg----Code----Generation-----[单表模型：wx_swiper]------ 生成完成。。。
2020-03-20 17:45:15.914 [http-nio-8080-exec-9] INFO  org.jeecg.modules.shiro.authc.ShiroRealm:118 - ———校验token是否有效————checkUserTokenIsEffect——————— eyJ0eXAiOiJKV1QiLCJhbGciOiJIUzI1NiJ9.eyJleHAiOjE1ODQ3MDk4MDcsInVzZXJuYW1lIjoiYWRtaW4ifQ.DPQzHp_EsyIThaEpr86TgoU1hFGRMtZf6cCfXpZ5xU8
2020-03-20 17:45:15.914 [http-nio-8080-exec-3] INFO  org.jeecg.modules.shiro.authc.ShiroRealm:118 - ———校验token是否有效————checkUserTokenIsEffect——————— eyJ0eXAiOiJKV1QiLCJhbGciOiJIUzI1NiJ9.eyJleHAiOjE1ODQ3MDk4MDcsInVzZXJuYW1lIjoiYWRtaW4ifQ.DPQzHp_EsyIThaEpr86TgoU1hFGRMtZf6cCfXpZ5xU8
2020-03-20 17:45:15.914 [http-nio-8080-exec-8] INFO  org.jeecg.modules.shiro.authc.ShiroRealm:118 - ———校验token是否有效————checkUserTokenIsEffect——————— eyJ0eXAiOiJKV1QiLCJhbGciOiJIUzI1NiJ9.eyJleHAiOjE1ODQ3MDk4MDcsInVzZXJuYW1lIjoiYWRtaW4ifQ.DPQzHp_EsyIThaEpr86TgoU1hFGRMtZf6cCfXpZ5xU8
2020-03-20 17:45:15.930 [http-nio-8080-exec-9] INFO  o.j.modules.system.controller.SysDictController:130 -  dictCode : display_type
2020-03-20 17:45:15.930 [http-nio-8080-exec-8] INFO  o.j.modules.system.controller.SysDictController:130 -  dictCode : swiper_type
2020-03-20 17:45:15.936 [http-nio-8080-exec-8] INFO  o.j.modules.system.service.impl.SysDictServiceImpl:51 - 无缓存dictCache的时候调用这里！
2020-03-20 17:45:15.936 [http-nio-8080-exec-9] INFO  o.j.modules.system.service.impl.SysDictServiceImpl:51 - 无缓存dictCache的时候调用这里！
2020-03-20 17:45:15.940 [http-nio-8080-exec-8] DEBUG o.j.m.s.mapper.SysDictMapper.queryDictItemsByCode:143 - ==>  Preparing: select s.item_value as "value",s.item_text as "text" from sys_dict_item s where dict_id = (select id from sys_dict where dict_code = ?) order by s.sort_order asc 
2020-03-20 17:45:15.940 [http-nio-8080-exec-9] DEBUG o.j.m.s.mapper.SysDictMapper.queryDictItemsByCode:143 - ==>  Preparing: select s.item_value as "value",s.item_text as "text" from sys_dict_item s where dict_id = (select id from sys_dict where dict_code = ?) order by s.sort_order asc 
2020-03-20 17:45:15.942 [http-nio-8080-exec-8] DEBUG o.j.m.s.mapper.SysDictMapper.queryDictItemsByCode:143 - ==> Parameters: swiper_type(String)
2020-03-20 17:45:15.942 [http-nio-8080-exec-9] DEBUG o.j.m.s.mapper.SysDictMapper.queryDictItemsByCode:143 - ==> Parameters: display_type(String)
2020-03-20 17:45:15.946 [http-nio-8080-exec-8] DEBUG o.j.m.s.mapper.SysDictMapper.queryDictItemsByCode:143 - <==      Total: 4
2020-03-20 17:45:15.946 [http-nio-8080-exec-9] DEBUG o.j.m.s.mapper.SysDictMapper.queryDictItemsByCode:143 - <==      Total: 3
2020-03-20 17:45:15.954 [http-nio-8080-exec-9] INFO  o.j.modules.system.controller.SysDictController:163 - Result(success=true, message=操作成功！, code=0, result=[DictModel(value=1, text=发布), DictModel(value=0, text=不发布), DictModel(value=3, text=草稿)], timestamp=1584697515931)
2020-03-20 17:45:15.954 [http-nio-8080-exec-8] INFO  o.j.modules.system.controller.SysDictController:163 - Result(success=true, message=操作成功！, code=0, result=[DictModel(value=0, text=展示图), DictModel(value=1, text=小程序页面图), DictModel(value=2, text=公众号素材页面), DictModel(value=3, text=第三方页面)], timestamp=1584697515931)
2020-03-20 17:45:18.642 [http-nio-8080-exec-10] INFO  org.jeecg.modules.shiro.authc.ShiroRealm:118 - ———校验token是否有效————checkUserTokenIsEffect——————— eyJ0eXAiOiJKV1QiLCJhbGciOiJIUzI1NiJ9.eyJleHAiOjE1ODQ3MDk4MDcsInVzZXJuYW1lIjoiYWRtaW4ifQ.DPQzHp_EsyIThaEpr86TgoU1hFGRMtZf6cCfXpZ5xU8
2020-03-20 17:45:18.650 [http-nio-8080-exec-10] INFO  o.j.modules.system.controller.SysDictController:130 -  dictCode : swiper_type
2020-03-20 17:45:18.653 [http-nio-8080-exec-10] INFO  o.j.modules.system.controller.SysDictController:163 - Result(success=true, message=操作成功！, code=0, result=[DictModel(value=0, text=展示图), DictModel(value=1, text=小程序页面图), DictModel(value=2, text=公众号素材页面), DictModel(value=3, text=第三方页面)], timestamp=1584697518651)
2020-03-20 17:45:18.946 [http-nio-8080-exec-1] INFO  org.jeecg.modules.shiro.authc.ShiroRealm:118 - ———校验token是否有效————checkUserTokenIsEffect——————— eyJ0eXAiOiJKV1QiLCJhbGciOiJIUzI1NiJ9.eyJleHAiOjE1ODQ3MDk4MDcsInVzZXJuYW1lIjoiYWRtaW4ifQ.DPQzHp_EsyIThaEpr86TgoU1hFGRMtZf6cCfXpZ5xU8
2020-03-20 17:45:18.954 [http-nio-8080-exec-1] INFO  o.j.modules.system.controller.SysDictController:130 -  dictCode : display_type
2020-03-20 17:45:18.956 [http-nio-8080-exec-1] INFO  o.j.modules.system.controller.SysDictController:163 - Result(success=true, message=操作成功！, code=0, result=[DictModel(value=1, text=发布), DictModel(value=0, text=不发布), DictModel(value=3, text=草稿)], timestamp=1584697518954)
2020-03-20 17:45:28.208 [http-nio-8080-exec-4] INFO  org.jeecg.modules.shiro.authc.ShiroRealm:118 - ———校验token是否有效————checkUserTokenIsEffect——————— eyJ0eXAiOiJKV1QiLCJhbGciOiJIUzI1NiJ9.eyJleHAiOjE1ODQ3MDk4MDcsInVzZXJuYW1lIjoiYWRtaW4ifQ.DPQzHp_EsyIThaEpr86TgoU1hFGRMtZf6cCfXpZ5xU8
2020-03-20 17:45:28.215 [http-nio-8080-exec-4] INFO  o.j.m.system.controller.SysPermissionController:182 -  ------ 通过令牌获取用户拥有的访问菜单 ---- TOKEN ------ eyJ0eXAiOiJKV1QiLCJhbGciOiJIUzI1NiJ9.eyJleHAiOjE1ODQ3MDk4MDcsInVzZXJuYW1lIjoiYWRtaW4ifQ.DPQzHp_EsyIThaEpr86TgoU1hFGRMtZf6cCfXpZ5xU8
2020-03-20 17:45:28.217 [http-nio-8080-exec-4] DEBUG o.j.m.s.mapper.SysPermissionMapper.queryByUser:143 - ==>  Preparing: SELECT p.* FROM sys_permission p WHERE exists( select a.id from sys_role_permission a join sys_role b on a.role_id = b.id join sys_user_role c on c.role_id = b.id join sys_user d on d.id = c.user_id where p.id = a.permission_id AND d.username = ? ) and p.del_flag = 0 order by p.sort_no ASC 
2020-03-20 17:45:28.219 [http-nio-8080-exec-4] DEBUG o.j.m.s.mapper.SysPermissionMapper.queryByUser:143 - ==> Parameters: admin(String)
2020-03-20 17:45:28.234 [http-nio-8080-exec-4] DEBUG o.j.m.s.mapper.SysPermissionMapper.queryByUser:143 - <==      Total: 39
2020-03-20 17:45:28.241 [http-nio-8080-exec-4] DEBUG o.j.m.system.mapper.SysPermissionMapper.selectList:143 - ==>  Preparing: SELECT id,parent_id,name,perms,perms_type,icon,component,component_name,url,redirect,sort_no,menu_type,is_leaf AS leaf,is_route AS route,keep_alive,description,create_by,del_flag,rule_flag,hidden,create_time,update_by,update_time,status,always_show,internal_or_external FROM sys_permission WHERE del_flag = ? AND menu_type = ? 
2020-03-20 17:45:28.242 [http-nio-8080-exec-4] DEBUG o.j.m.system.mapper.SysPermissionMapper.selectList:143 - ==> Parameters: 0(Integer), 2(Integer)
2020-03-20 17:45:28.244 [http-nio-8080-exec-4] DEBUG o.j.m.system.mapper.SysPermissionMapper.selectList:143 - <==      Total: 3
2020-03-20 17:45:29.008 [http-nio-8080-exec-6] INFO  org.jeecg.modules.shiro.authc.ShiroRealm:118 - ———校验token是否有效————checkUserTokenIsEffect——————— eyJ0eXAiOiJKV1QiLCJhbGciOiJIUzI1NiJ9.eyJleHAiOjE1ODQ3MDk4MDcsInVzZXJuYW1lIjoiYWRtaW4ifQ.DPQzHp_EsyIThaEpr86TgoU1hFGRMtZf6cCfXpZ5xU8
2020-03-20 17:45:39.442 [http-nio-8080-exec-2] INFO  org.jeecg.modules.shiro.authc.ShiroRealm:118 - ———校验token是否有效————checkUserTokenIsEffect——————— eyJ0eXAiOiJKV1QiLCJhbGciOiJIUzI1NiJ9.eyJleHAiOjE1ODQ3MDk4MDcsInVzZXJuYW1lIjoiYWRtaW4ifQ.DPQzHp_EsyIThaEpr86TgoU1hFGRMtZf6cCfXpZ5xU8
2020-03-20 17:45:39.444 [http-nio-8080-exec-5] INFO  org.jeecg.modules.shiro.authc.ShiroRealm:118 - ———校验token是否有效————checkUserTokenIsEffect——————— eyJ0eXAiOiJKV1QiLCJhbGciOiJIUzI1NiJ9.eyJleHAiOjE1ODQ3MDk4MDcsInVzZXJuYW1lIjoiYWRtaW4ifQ.DPQzHp_EsyIThaEpr86TgoU1hFGRMtZf6cCfXpZ5xU8
2020-03-20 17:45:39.445 [http-nio-8080-exec-7] INFO  org.jeecg.modules.shiro.authc.ShiroRealm:118 - ———校验token是否有效————checkUserTokenIsEffect——————— eyJ0eXAiOiJKV1QiLCJhbGciOiJIUzI1NiJ9.eyJleHAiOjE1ODQ3MDk4MDcsInVzZXJuYW1lIjoiYWRtaW4ifQ.DPQzHp_EsyIThaEpr86TgoU1hFGRMtZf6cCfXpZ5xU8
2020-03-20 17:45:39.457 [http-nio-8080-exec-5] INFO  o.j.modules.system.controller.SysDictController:130 -  dictCode : swiper_type
2020-03-20 17:45:39.457 [http-nio-8080-exec-7] INFO  o.j.modules.system.controller.SysDictController:130 -  dictCode : display_type
2020-03-20 17:45:39.462 [http-nio-8080-exec-5] INFO  o.j.modules.system.controller.SysDictController:163 - Result(success=true, message=操作成功！, code=0, result=[DictModel(value=0, text=展示图), DictModel(value=1, text=小程序页面图), DictModel(value=2, text=公众号素材页面), DictModel(value=3, text=第三方页面)], timestamp=1584697539459)
2020-03-20 17:45:39.462 [http-nio-8080-exec-7] INFO  o.j.modules.system.controller.SysDictController:163 - Result(success=true, message=操作成功！, code=0, result=[DictModel(value=1, text=发布), DictModel(value=0, text=不发布), DictModel(value=3, text=草稿)], timestamp=1584697539459)
2020-03-20 17:45:40.619 [http-nio-8080-exec-10] INFO  org.jeecg.modules.shiro.authc.ShiroRealm:118 - ———校验token是否有效————checkUserTokenIsEffect——————— eyJ0eXAiOiJKV1QiLCJhbGciOiJIUzI1NiJ9.eyJleHAiOjE1ODQ3MDk4MDcsInVzZXJuYW1lIjoiYWRtaW4ifQ.DPQzHp_EsyIThaEpr86TgoU1hFGRMtZf6cCfXpZ5xU8
2020-03-20 17:45:40.625 [http-nio-8080-exec-10] INFO  o.j.modules.system.controller.SysDictController:130 -  dictCode : swiper_type
2020-03-20 17:45:40.627 [http-nio-8080-exec-10] INFO  o.j.modules.system.controller.SysDictController:163 - Result(success=true, message=操作成功！, code=0, result=[DictModel(value=0, text=展示图), DictModel(value=1, text=小程序页面图), DictModel(value=2, text=公众号素材页面), DictModel(value=3, text=第三方页面)], timestamp=1584697540626)
2020-03-20 17:45:40.634 [http-nio-8080-exec-1] INFO  org.jeecg.modules.shiro.authc.ShiroRealm:118 - ———校验token是否有效————checkUserTokenIsEffect——————— eyJ0eXAiOiJKV1QiLCJhbGciOiJIUzI1NiJ9.eyJleHAiOjE1ODQ3MDk4MDcsInVzZXJuYW1lIjoiYWRtaW4ifQ.DPQzHp_EsyIThaEpr86TgoU1hFGRMtZf6cCfXpZ5xU8
2020-03-20 17:45:40.641 [http-nio-8080-exec-1] INFO  o.j.modules.system.controller.SysDictController:130 -  dictCode : display_type
2020-03-20 17:45:40.644 [http-nio-8080-exec-1] INFO  o.j.modules.system.controller.SysDictController:163 - Result(success=true, message=操作成功！, code=0, result=[DictModel(value=1, text=发布), DictModel(value=0, text=不发布), DictModel(value=3, text=草稿)], timestamp=1584697540642)
2020-03-20 17:46:17.274 [main] INFO  org.jeecg.JeecgApplication:50 - Starting JeecgApplication on DESKTOP-F7RLFV9 with PID 11676 (C:\Users\cafebabe\important\rcyq_app\rcyq\server\jeecg-boot-module-system\target\classes started by cafebabe in C:\Users\cafebabe\important\rcyq_app\rcyq\server)
2020-03-20 17:46:17.281 [main] INFO  org.jeecg.JeecgApplication:679 - The following profiles are active: dev
2020-03-20 17:46:20.525 [main] INFO  o.s.d.r.config.RepositoryConfigurationDelegate:244 - Multiple Spring Data modules found, entering strict repository configuration mode!
2020-03-20 17:46:20.530 [main] INFO  o.s.d.r.config.RepositoryConfigurationDelegate:126 - Bootstrapping Spring Data repositories in DEFAULT mode.
2020-03-20 17:46:21.090 [main] INFO  o.s.d.r.config.RepositoryConfigurationDelegate:182 - Finished Spring Data repository scanning in 531ms. Found 0 repository interfaces.
2020-03-20 17:46:21.840 [main] INFO  o.s.c.s.PostProcessorRegistrationDelegate$BeanPostProcessorChecker:330 - Bean 'shiroConfig' of type [org.jeecg.config.ShiroConfig$$EnhancerBySpringCGLIB$$b34bac09] is not eligible for getting processed by all BeanPostProcessors (for example: not eligible for auto-proxying)
2020-03-20 17:46:22.007 [main] INFO  o.s.c.s.PostProcessorRegistrationDelegate$BeanPostProcessorChecker:330 - Bean 'shiroRealm' of type [org.jeecg.modules.shiro.authc.ShiroRealm] is not eligible for getting processed by all BeanPostProcessors (for example: not eligible for auto-proxying)
2020-03-20 17:46:22.701 [main] INFO  org.jeecg.config.ShiroConfig:200 - ===============(1)创建缓存管理器RedisCacheManager
2020-03-20 17:46:22.705 [main] INFO  org.jeecg.config.ShiroConfig:218 - ===============(2)创建RedisManager,连接Redis..URL= 127.0.0.1:6379
2020-03-20 17:46:22.710 [main] INFO  o.s.c.s.PostProcessorRegistrationDelegate$BeanPostProcessorChecker:330 - Bean 'redisManager' of type [org.crazycake.shiro.RedisManager] is not eligible for getting processed by all BeanPostProcessors (for example: not eligible for auto-proxying)
2020-03-20 17:46:22.719 [main] INFO  o.s.c.s.PostProcessorRegistrationDelegate$BeanPostProcessorChecker:330 - Bean 'securityManager' of type [org.apache.shiro.web.mgt.DefaultWebSecurityManager] is not eligible for getting processed by all BeanPostProcessors (for example: not eligible for auto-proxying)
2020-03-20 17:46:22.770 [main] INFO  o.s.c.s.PostProcessorRegistrationDelegate$BeanPostProcessorChecker:330 - Bean 'authorizationAttributeSourceAdvisor' of type [org.apache.shiro.spring.security.interceptor.AuthorizationAttributeSourceAdvisor] is not eligible for getting processed by all BeanPostProcessors (for example: not eligible for auto-proxying)
2020-03-20 17:46:22.873 [main] INFO  o.s.c.s.PostProcessorRegistrationDelegate$BeanPostProcessorChecker:330 - Bean 'org.springframework.transaction.annotation.ProxyTransactionManagementConfiguration' of type [org.springframework.transaction.annotation.ProxyTransactionManagementConfiguration$$EnhancerBySpringCGLIB$$93464273] is not eligible for getting processed by all BeanPostProcessors (for example: not eligible for auto-proxying)
2020-03-20 17:46:23.137 [main] INFO  o.s.c.s.PostProcessorRegistrationDelegate$BeanPostProcessorChecker:330 - Bean 'spring.datasource.dynamic-com.baomidou.dynamic.datasource.spring.boot.autoconfigure.DynamicDataSourceProperties' of type [com.baomidou.dynamic.datasource.spring.boot.autoconfigure.DynamicDataSourceProperties] is not eligible for getting processed by all BeanPostProcessors (for example: not eligible for auto-proxying)
2020-03-20 17:46:23.147 [main] INFO  o.s.c.s.PostProcessorRegistrationDelegate$BeanPostProcessorChecker:330 - Bean 'com.baomidou.dynamic.datasource.spring.boot.autoconfigure.DynamicDataSourceAutoConfiguration' of type [com.baomidou.dynamic.datasource.spring.boot.autoconfigure.DynamicDataSourceAutoConfiguration$$EnhancerBySpringCGLIB$$fcd4b344] is not eligible for getting processed by all BeanPostProcessors (for example: not eligible for auto-proxying)
2020-03-20 17:46:23.164 [main] INFO  o.s.c.s.PostProcessorRegistrationDelegate$BeanPostProcessorChecker:330 - Bean 'dsProcessor' of type [com.baomidou.dynamic.datasource.processor.DsHeaderProcessor] is not eligible for getting processed by all BeanPostProcessors (for example: not eligible for auto-proxying)
2020-03-20 17:46:23.176 [main] INFO  o.s.c.s.PostProcessorRegistrationDelegate$BeanPostProcessorChecker:330 - Bean 'dynamicDatasourceAnnotationAdvisor' of type [com.baomidou.dynamic.datasource.aop.DynamicDataSourceAnnotationAdvisor] is not eligible for getting processed by all BeanPostProcessors (for example: not eligible for auto-proxying)
2020-03-20 17:46:23.211 [main] INFO  o.s.c.s.PostProcessorRegistrationDelegate$BeanPostProcessorChecker:330 - Bean 'spring.redis-org.springframework.boot.autoconfigure.data.redis.RedisProperties' of type [org.springframework.boot.autoconfigure.data.redis.RedisProperties] is not eligible for getting processed by all BeanPostProcessors (for example: not eligible for auto-proxying)
2020-03-20 17:46:23.223 [main] INFO  o.s.c.s.PostProcessorRegistrationDelegate$BeanPostProcessorChecker:330 - Bean 'org.springframework.boot.autoconfigure.data.redis.LettuceConnectionConfiguration' of type [org.springframework.boot.autoconfigure.data.redis.LettuceConnectionConfiguration$$EnhancerBySpringCGLIB$$a86000bd] is not eligible for getting processed by all BeanPostProcessors (for example: not eligible for auto-proxying)
2020-03-20 17:46:23.406 [main] INFO  o.s.c.s.PostProcessorRegistrationDelegate$BeanPostProcessorChecker:330 - Bean 'lettuceClientResources' of type [io.lettuce.core.resource.DefaultClientResources] is not eligible for getting processed by all BeanPostProcessors (for example: not eligible for auto-proxying)
2020-03-20 17:46:23.540 [main] INFO  o.s.c.s.PostProcessorRegistrationDelegate$BeanPostProcessorChecker:330 - Bean 'redisConnectionFactory' of type [org.springframework.data.redis.connection.lettuce.LettuceConnectionFactory] is not eligible for getting processed by all BeanPostProcessors (for example: not eligible for auto-proxying)
2020-03-20 17:46:23.560 [main] INFO  o.s.c.s.PostProcessorRegistrationDelegate$BeanPostProcessorChecker:330 - Bean 'redisConfig' of type [org.jeecg.config.RedisConfig$$EnhancerBySpringCGLIB$$fe1a3353] is not eligible for getting processed by all BeanPostProcessors (for example: not eligible for auto-proxying)
2020-03-20 17:46:23.618 [main] INFO  o.s.c.s.PostProcessorRegistrationDelegate$BeanPostProcessorChecker:330 - Bean 'org.apache.shiro.spring.boot.autoconfigure.ShiroBeanAutoConfiguration' of type [org.apache.shiro.spring.boot.autoconfigure.ShiroBeanAutoConfiguration$$EnhancerBySpringCGLIB$$a65f2023] is not eligible for getting processed by all BeanPostProcessors (for example: not eligible for auto-proxying)
2020-03-20 17:46:23.633 [main] INFO  o.s.c.s.PostProcessorRegistrationDelegate$BeanPostProcessorChecker:330 - Bean 'eventBus' of type [org.apache.shiro.event.support.DefaultEventBus] is not eligible for getting processed by all BeanPostProcessors (for example: not eligible for auto-proxying)
2020-03-20 17:46:24.272 [main] INFO  o.s.boot.web.embedded.tomcat.TomcatWebServer:90 - Tomcat initialized with port(s): 8080 (http)
2020-03-20 17:46:24.298 [main] INFO  org.apache.coyote.http11.Http11NioProtocol:173 - Initializing ProtocolHandler ["http-nio-8080"]
2020-03-20 17:46:24.315 [main] INFO  org.apache.catalina.core.StandardService:173 - Starting service [Tomcat]
2020-03-20 17:46:24.315 [main] INFO  org.apache.catalina.core.StandardEngine:173 - Starting Servlet engine: [Apache Tomcat/9.0.16]
2020-03-20 17:46:24.324 [main] INFO  org.apache.catalina.core.AprLifecycleListener:173 - The APR based Apache Tomcat Native library which allows optimal performance in production environments was not found on the java.library.path: [C:\Program Files\Java\jdk1.8.0_171\bin;C:\WINDOWS\Sun\Java\bin;C:\WINDOWS\system32;C:\WINDOWS;C:\Python27\;C:\Python27\Scripts;C:\Program Files (x86)\Common Files\Oracle\Java\javapath;C:\Program Files (x86)\Intel\iCLS Client\;C:\Program Files\Intel\iCLS Client\;C:\Windows\system32;C:\Windows;C:\Windows\System32\Wbem;C:\Windows\System32\WindowsPowerShell\v1.0\;C:\Program Files (x86)\Intel\Intel(R) Management Engine Components\DAL;C:\Program Files\Intel\Intel(R) Management Engine Components\DAL;C:\Program Files (x86)\Intel\Intel(R) Management Engine Components\IPT;C:\Program Files\Intel\Intel(R) Management Engine Components\IPT;C:\Program Files (x86)\NVIDIA Corporation\PhysX\Common;C:\Program Files\Java\jdk1.8.0_171\bin;C:\apache-maven-3.5.3\bin;C:\Program Files\Apache Software Foundation\Tomcat 9.0\bin;C:\WINDOWS\system32;C:\WINDOWS;C:\WINDOWS\System32\Wbem;C:\WINDOWS\System32\WindowsPowerShell\v1.0\;C:\WINDOWS\System32\OpenSSH\;C:\Program Files\Microsoft VS Code\bin;C:\Program Files\dotnet\;C:\Users\cafebabe\ffmpeg-20181105-beaa350-win64-static\bin;C:\Program Files\TortoiseGit;C:\Users\cafebabe\nvm-noinstall;C:\Program Files\nodejs;C:\Program Files\nodejs\;C:\工具软件\Redis-x64-3.2.100;C:\;sers\cafebabe\flutter_windows_v1.7.8+hotfix.3-stable\flutter\bin;C:\Program Files\Git\cmd;C:\Program Files\Microsoft SQL Server\130\Tools\Binn\;C:\Program Files\Microsoft SQL Server\Client SDK\ODBC\170\Tools\Binn\;C:\Users\cafebabe\AppData\Local\Microsoft\WindowsApps;C:\Users\cafebabe\AppData\Local\Programs\Microsoft VS Code\bin;C:\Users\cafebabe\AppData\Roaming\npm;C:\Users\cafebabe\AppData\Local\Programs\Fiddler;.]
2020-03-20 17:46:24.645 [main] INFO  o.a.c.c.C.[Tomcat].[localhost].[/jeecg-boot]:173 - Initializing Spring embedded WebApplicationContext
2020-03-20 17:46:24.646 [main] INFO  org.springframework.web.context.ContextLoader:296 - Root WebApplicationContext: initialization completed in 7218 ms
2020-03-20 17:46:25.180 [main] INFO  c.b.dynamic.datasource.DynamicDataSourceCreator:113 - 动态数据源-检测到druid存在,如配置中未指定type,druid会默认配置
2020-03-20 17:46:25.568 [main] INFO  com.alibaba.druid.pool.DruidDataSource:1003 - {dataSource-1,master} inited
2020-03-20 17:46:25.569 [main] INFO  c.b.dynamic.datasource.DynamicRoutingDataSource:203 - 初始共加载 1 个数据源
2020-03-20 17:46:25.570 [main] INFO  c.b.dynamic.datasource.DynamicRoutingDataSource:142 - 动态数据源-加载 master 成功
2020-03-20 17:46:25.571 [main] INFO  c.b.dynamic.datasource.DynamicRoutingDataSource:212 - 当前的默认数据源是单数据源，数据源名为 master
2020-03-20 17:46:31.793 [main] INFO  org.quartz.impl.StdSchedulerFactory:1208 - Using default implementation for ThreadExecutor
2020-03-20 17:46:31.814 [main] INFO  org.quartz.core.SchedulerSignalerImpl:61 - Initialized Scheduler Signaller of type: class org.quartz.core.SchedulerSignalerImpl
2020-03-20 17:46:31.820 [main] INFO  org.quartz.core.QuartzScheduler:229 - Quartz Scheduler v.2.3.0 created.
2020-03-20 17:46:31.829 [main] INFO  o.s.scheduling.quartz.LocalDataSourceJobStore:672 - Using db table-based data access locking (synchronization).
2020-03-20 17:46:31.835 [main] INFO  o.s.scheduling.quartz.LocalDataSourceJobStore:145 - JobStoreCMT initialized.
2020-03-20 17:46:31.836 [main] INFO  org.quartz.core.QuartzScheduler:294 - Scheduler meta-data: Quartz Scheduler (v2.3.0) 'quartzScheduler' with instanceId 'NON_CLUSTERED'
  Scheduler class: 'org.quartz.core.QuartzScheduler' - running locally.
  NOT STARTED.
  Currently in standby mode.
  Number of jobs executed: 0
  Using thread pool 'org.quartz.simpl.SimpleThreadPool' - with 10 threads.
  Using job-store 'org.springframework.scheduling.quartz.LocalDataSourceJobStore' - which supports persistence. and is not clustered.

2020-03-20 17:46:31.837 [main] INFO  org.quartz.impl.StdSchedulerFactory:1362 - Quartz scheduler 'quartzScheduler' initialized from an externally provided properties instance.
2020-03-20 17:46:31.837 [main] INFO  org.quartz.impl.StdSchedulerFactory:1366 - Quartz scheduler version: 2.3.0
2020-03-20 17:46:31.838 [main] INFO  org.quartz.core.QuartzScheduler:2287 - JobFactory set to: org.springframework.scheduling.quartz.SpringBeanJobFactory@127d2aee
2020-03-20 17:46:35.502 [main] WARN  org.jeecg.common.es.JeecgElasticsearchTemplate:61 - ElasticSearch 服务连接失败，原因：配置未通过。可能是BaseURL未配置或配置有误，也可能是Elasticsearch服务未启动。接下来将会拒绝执行任何方法！
2020-03-20 17:46:39.503 [main] INFO  o.s.b.actuate.endpoint.web.EndpointLinksResolver:59 - Exposing 2 endpoint(s) beneath base path '/actuator'
2020-03-20 17:46:39.747 [main] INFO  s.d.s.w.PropertySourcedRequestMappingHandlerMapping:69 - Mapped URL path [/v2/api-docs] onto method [public org.springframework.http.ResponseEntity<springfox.documentation.spring.web.json.Json> springfox.documentation.swagger2.web.Swagger2Controller.getDocumentation(java.lang.String,javax.servlet.http.HttpServletRequest)]
2020-03-20 17:46:40.378 [main] INFO  o.s.scheduling.concurrent.ThreadPoolTaskExecutor:171 - Initializing ExecutorService 'applicationTaskExecutor'
2020-03-20 17:46:42.035 [main] INFO  s.d.s.web.plugins.DocumentationPluginsBootstrapper:160 - Context refreshed
2020-03-20 17:46:42.070 [main] INFO  s.d.s.web.plugins.DocumentationPluginsBootstrapper:163 - Found 1 custom documentation plugin(s)
2020-03-20 17:46:42.166 [main] INFO  s.d.spring.web.scanners.ApiListingReferenceScanner:41 - Scanning for api listing references
2020-03-20 17:46:42.454 [main] INFO  s.d.s.w.r.operation.CachingOperationNameGenerator:40 - Generating unique operation named: addUsingPOST_1
2020-03-20 17:46:42.457 [main] INFO  s.d.s.w.r.operation.CachingOperationNameGenerator:40 - Generating unique operation named: deleteUsingDELETE_1
2020-03-20 17:46:42.459 [main] INFO  s.d.s.w.r.operation.CachingOperationNameGenerator:40 - Generating unique operation named: deleteBatchUsingDELETE_1
2020-03-20 17:46:42.461 [main] INFO  s.d.s.w.r.operation.CachingOperationNameGenerator:40 - Generating unique operation named: editUsingPUT_1
2020-03-20 17:46:42.463 [main] INFO  s.d.s.w.r.operation.CachingOperationNameGenerator:40 - Generating unique operation named: queryByIdUsingGET_1
2020-03-20 17:46:42.482 [main] INFO  s.d.s.w.r.operation.CachingOperationNameGenerator:40 - Generating unique operation named: addUsingPOST_2
2020-03-20 17:46:42.484 [main] INFO  s.d.s.w.r.operation.CachingOperationNameGenerator:40 - Generating unique operation named: deleteUsingDELETE_2
2020-03-20 17:46:42.486 [main] INFO  s.d.s.w.r.operation.CachingOperationNameGenerator:40 - Generating unique operation named: deleteBatchUsingDELETE_2
2020-03-20 17:46:42.488 [main] INFO  s.d.s.w.r.operation.CachingOperationNameGenerator:40 - Generating unique operation named: editUsingPUT_2
2020-03-20 17:46:42.491 [main] INFO  s.d.s.w.r.operation.CachingOperationNameGenerator:40 - Generating unique operation named: queryByIdUsingGET_2
2020-03-20 17:46:42.504 [main] INFO  s.d.s.w.r.operation.CachingOperationNameGenerator:40 - Generating unique operation named: queryPageListUsingGET_1
2020-03-20 17:46:42.522 [main] INFO  o.s.scheduling.quartz.SchedulerFactoryBean:726 - Starting Quartz Scheduler now
2020-03-20 17:46:42.742 [main] INFO  o.s.scheduling.quartz.LocalDataSourceJobStore:866 - Freed 0 triggers from 'acquired' / 'blocked' state.
2020-03-20 17:46:42.754 [main] INFO  o.s.scheduling.quartz.LocalDataSourceJobStore:876 - Recovering 0 jobs that were in-progress at the time of the last shut-down.
2020-03-20 17:46:42.754 [main] INFO  o.s.scheduling.quartz.LocalDataSourceJobStore:889 - Recovery complete.
2020-03-20 17:46:42.757 [main] INFO  o.s.scheduling.quartz.LocalDataSourceJobStore:896 - Removed 0 'complete' triggers.
2020-03-20 17:46:42.759 [main] INFO  o.s.scheduling.quartz.LocalDataSourceJobStore:901 - Removed 0 stale fired job entries.
2020-03-20 17:46:42.761 [main] INFO  org.quartz.core.QuartzScheduler:547 - Scheduler quartzScheduler_$_NON_CLUSTERED started.
2020-03-20 17:46:42.790 [main] INFO  org.apache.coyote.http11.Http11NioProtocol:173 - Starting ProtocolHandler ["http-nio-8080"]
2020-03-20 17:46:42.833 [main] INFO  o.s.boot.web.embedded.tomcat.TomcatWebServer:204 - Tomcat started on port(s): 8080 (http) with context path '/jeecg-boot'
2020-03-20 17:46:42.838 [main] INFO  org.jeecg.JeecgApplication:59 - Started JeecgApplication in 26.998 seconds (JVM running for 29.002)
2020-03-20 17:46:42.856 [main] INFO  org.jeecg.JeecgApplication:33 - 
----------------------------------------------------------
	Application Jeecg-Boot is running! Access URLs:
	Local: 		http://localhost:8080/jeecg-boot/
	External: 	http://192.168.1.105:8080/jeecg-boot/
	swagger-ui: 		http://192.168.1.105:8080/jeecg-boot/doc.html
----------------------------------------------------------
2020-03-20 17:46:43.343 [RMI TCP Connection(3)-127.0.0.1] INFO  o.a.c.c.C.[Tomcat].[localhost].[/jeecg-boot]:173 - Initializing Spring DispatcherServlet 'dispatcherServlet'
2020-03-20 17:46:43.345 [RMI TCP Connection(3)-127.0.0.1] INFO  org.springframework.web.servlet.DispatcherServlet:524 - Initializing Servlet 'dispatcherServlet'
2020-03-20 17:46:43.368 [RMI TCP Connection(3)-127.0.0.1] INFO  org.springframework.web.servlet.DispatcherServlet:546 - Completed initialization in 22 ms
2020-03-20 17:46:43.538 [RMI TCP Connection(2)-127.0.0.1] INFO  io.lettuce.core.EpollProvider:68 - Starting without optional epoll library
2020-03-20 17:46:43.542 [RMI TCP Connection(2)-127.0.0.1] INFO  io.lettuce.core.KqueueProvider:70 - Starting without optional kqueue library
